-------------------------------------------------------------------------------
Test set: streamprocessor.RegexTest
-------------------------------------------------------------------------------
Tests run: 5, Failures: 0, Errors: 0, Skipped: 0, Time elapsed: 0.578 s -- in streamprocessor.RegexTest
streamprocessor.RegexTest.testMethod(String, boolean, int, String, String, boolean)[1] -- Time elapsed: 0.550 s
streamprocessor.RegexTest.testMethod(String, boolean, int, String, String, boolean)[2] -- Time elapsed: 0.001 s
streamprocessor.RegexTest.testMethod(String, boolean, int, String, String, boolean)[3] -- Time elapsed: 0.001 s
streamprocessor.RegexTest.testMethod(String, boolean, int, String, String, boolean)[4] -- Time elapsed: 0.001 s
streamprocessor.RegexTest.testMethod(String, boolean, int, String, String, boolean)[5] -- Time elapsed: 0 s
