-------------------------------------------------------------------------------
Test set: streamprocessor.TransformerTest
-------------------------------------------------------------------------------
Tests run: 3, Failures: 0, Errors: 0, Skipped: 0, Time elapsed: 0.065 s -- in streamprocessor.TransformerTest
streamprocessor.TransformerTest.testLeaveQuotesAlone -- Time elapsed: 0.044 s
streamprocessor.TransformerTest.testComleteExample -- Time elapsed: 0.004 s
streamprocessor.TransformerTest.testRemove -- Time elapsed: 0.002 s
