<?xml version="1.0" encoding="UTF-8"?>
<testsuite xmlns:xsi="http://www.w3.org/2001/XMLSchema-instance" xsi:noNamespaceSchemaLocation="https://maven.apache.org/surefire/maven-surefire-plugin/xsd/surefire-test-report-3.0.xsd" version="3.0" name="streamprocessor.OpTest" time="0.012" tests="11" errors="0" skipped="0" failures="0">
  <properties>
[...]
</properties>
  <testcase name="nop escapes removal" classname="streamprocessor.OpTest" time="0.001"/>
  <testcase name="test comment range" classname="streamprocessor.OpTest" time="0.001"/>
  <testcase name="test add" classname="streamprocessor.OpTest" time="0.001"/>
  <testcase name="uncomment single line" classname="streamprocessor.OpTest" time="0.001"/>
  <testcase name="test remove range" classname="streamprocessor.OpTest" time="0.001"/>
  <testcase name="Payload should replace the tag line on start and end" classname="streamprocessor.OpTest" time="0.001"/>
  <testcase name="test remove with payload" classname="streamprocessor.OpTest" time="0.001"/>
  <testcase name="test comment" classname="streamprocessor.OpTest" time="0.001"/>
  <testcase name="test Uncomment" classname="streamprocessor.OpTest" time="0.001"/>
  <testcase name="test remove" classname="streamprocessor.OpTest" time="0.001"/>
  <testcase name="test comment range" classname="streamprocessor.OpTest" time="0.001"/>
</testsuite>