<?xml version="1.0" encoding="UTF-8"?>
<testsuite xmlns:xsi="http://www.w3.org/2001/XMLSchema-instance" xsi:noNamespaceSchemaLocation="https://maven.apache.org/surefire/maven-surefire-plugin/xsd/surefire-test-report-3.0.xsd" version="3.0" name="io.github.sebivenlo.codestripperplugin.StrippedCodeValidatorTest" time="2.471" tests="3" errors="0" skipped="0" failures="0">
  <properties>
[...]
</properties>
  <testcase name="Get source files" classname="io.github.sebivenlo.codestripperplugin.StrippedCodeValidatorTest" time="0.036"/>
  <testcase name="compiler args" classname="io.github.sebivenlo.codestripperplugin.StrippedCodeValidatorTest" time="1.746">
    <system-out><![CDATA[javac -p /home/hom/.m2/repository/org/apache/maven/maven-plugin-api/3.9.6/maven-plugin-api-3.9.6.jar:/home/hom/.m2/repository/org/apache/maven/maven-model/3.9.6/maven-model-3.9.6.jar:/home/hom/.m2/repository/org/apache/maven/maven-artifact/3.9.6/maven-artifact-3.9.6.jar:/home/hom/.m2/repository/org/eclipse/sisu/org.eclipse.sisu.plexus/0.9.0.M2/org.eclipse.sisu.plexus-0.9.0.M2.jar:/home/hom/.m2/repository/javax/annotation/javax.annotation-api/1.2/javax.annotation-api-1.2.jar:/home/hom/.m2/repository/org/codehaus/plexus/plexus-utils/3.5.1/plexus-utils-3.5.1.jar:/home/hom/.m2/repository/org/codehaus/plexus/plexus-classworlds/2.7.0/plexus-classworlds-2.7.0.jar:/home/hom/.m2/repository/org/apache/maven/plugin-tools/maven-plugin-annotations/3.11.0/maven-plugin-annotations-3.11.0.jar:/home/hom/.m2/repository/org/apache/maven/maven-core/3.9.6/maven-core-3.9.6.jar:/home/hom/.m2/repository/org/apache/maven/maven-settings/3.9.6/maven-settings-3.9.6.jar:/home/hom/.m2/repository/org/apache/maven/maven-settings-builder/3.9.6/maven-settings-builder-3.9.6.jar:/home/hom/.m2/repository/org/codehaus/plexus/plexus-sec-dispatcher/2.0/plexus-sec-dispatcher-2.0.jar:/home/hom/.m2/repository/org/codehaus/plexus/plexus-cipher/2.0/plexus-cipher-2.0.jar:/home/hom/.m2/repository/org/apache/maven/maven-builder-support/3.9.6/maven-builder-support-3.9.6.jar:/home/hom/.m2/repository/org/apache/maven/maven-repository-metadata/3.9.6/maven-repository-metadata-3.9.6.jar:/home/hom/.m2/repository/org/apache/maven/maven-model-builder/3.9.6/maven-model-builder-3.9.6.jar:/home/hom/.m2/repository/org/apache/maven/maven-resolver-provider/3.9.6/maven-resolver-provider-3.9.6.jar:/home/hom/.m2/repository/org/apache/maven/resolver/maven-resolver-impl/1.9.18/maven-resolver-impl-1.9.18.jar:/home/hom/.m2/repository/org/apache/maven/resolver/maven-resolver-named-locks/1.9.18/maven-resolver-named-locks-1.9.18.jar:/home/hom/.m2/repository/org/apache/maven/resolver/maven-resolver-api/1.9.18/maven-resolver-api-1.9.18.jar:/home/hom/.m2/repository/org/apache/maven/resolver/maven-resolver-spi/1.9.18/maven-resolver-spi-1.9.18.jar:/home/hom/.m2/repository/org/apache/maven/resolver/maven-resolver-util/1.9.18/maven-resolver-util-1.9.18.jar:/home/hom/.m2/repository/org/apache/maven/shared/maven-shared-utils/3.3.4/maven-shared-utils-3.3.4.jar:/home/hom/.m2/repository/org/eclipse/sisu/org.eclipse.sisu.inject/0.9.0.M2/org.eclipse.sisu.inject-0.9.0.M2.jar:/home/hom/.m2/repository/com/google/inject/guice/5.1.0/guice-5.1.0.jar:/home/hom/.m2/repository/aopalliance/aopalliance/1.0/aopalliance-1.0.jar:/home/hom/.m2/repository/com/google/guava/guava/32.0.1-jre/guava-32.0.1-jre.jar:/home/hom/.m2/repository/com/google/guava/failureaccess/1.0.1/failureaccess-1.0.1.jar:/home/hom/.m2/repository/javax/inject/javax.inject/1/javax.inject-1.jar:/home/hom/.m2/repository/org/codehaus/plexus/plexus-interpolation/1.26/plexus-interpolation-1.26.jar:/home/hom/.m2/repository/org/codehaus/plexus/plexus-component-annotations/2.1.0/plexus-component-annotations-2.1.0.jar:/home/hom/.m2/repository/org/apache/commons/commons-lang3/3.12.0/commons-lang3-3.12.0.jar:/home/hom/.m2/repository/org/slf4j/slf4j-api/1.7.36/slf4j-api-1.7.36.jar:/home/hom/.m2/repository/org/assertj/assertj-core/3.25.1/assertj-core-3.25.1.jar:/home/hom/.m2/repository/net/bytebuddy/byte-buddy/1.14.11/byte-buddy-1.14.11.jar:/home/hom/.m2/repository/org/mockito/mockito-core/5.9.0/mockito-core-5.9.0.jar:/home/hom/.m2/repository/net/bytebuddy/byte-buddy-agent/1.14.11/byte-buddy-agent-1.14.11.jar:/home/hom/.m2/repository/org/objenesis/objenesis/3.3/objenesis-3.3.jar:/home/hom/.m2/repository/org/mockito/mockito-junit-jupiter/5.9.0/mockito-junit-jupiter-5.9.0.jar:/home/hom/.m2/repository/org/junit/jupiter/junit-jupiter-api/5.10.1/junit-jupiter-api-5.10.1.jar:/home/hom/.m2/repository/org/opentest4j/opentest4j/1.3.0/opentest4j-1.3.0.jar:/home/hom/.m2/repository/org/junit/platform/junit-platform-commons/1.10.1/junit-platform-commons-1.10.1.jar:/home/hom/.m2/repository/org/apiguardian/apiguardian-api/1.1.2/apiguardian-api-1.1.2.jar:/home/hom/.m2/repository/org/junit/jupiter/junit-jupiter-params/5.10.1/junit-jupiter-params-5.10.1.jar:/home/hom/.m2/repository/org/junit/jupiter/junit-jupiter-engine/5.10.1/junit-jupiter-engine-5.10.1.jar:/home/hom/.m2/repository/org/junit/platform/junit-platform-engine/1.10.1/junit-platform-engine-1.10.1.jar -sourcepath src/main/java:src/test/java -cp /home/hom/.m2/repository/org/apache/maven/maven-plugin-api/3.9.6/maven-plugin-api-3.9.6.jar:/home/hom/.m2/repository/org/apache/maven/maven-model/3.9.6/maven-model-3.9.6.jar:/home/hom/.m2/repository/org/apache/maven/maven-artifact/3.9.6/maven-artifact-3.9.6.jar:/home/hom/.m2/repository/org/eclipse/sisu/org.eclipse.sisu.plexus/0.9.0.M2/org.eclipse.sisu.plexus-0.9.0.M2.jar:/home/hom/.m2/repository/javax/annotation/javax.annotation-api/1.2/javax.annotation-api-1.2.jar:/home/hom/.m2/repository/org/codehaus/plexus/plexus-utils/3.5.1/plexus-utils-3.5.1.jar:/home/hom/.m2/repository/org/codehaus/plexus/plexus-classworlds/2.7.0/plexus-classworlds-2.7.0.jar:/home/hom/.m2/repository/org/apache/maven/plugin-tools/maven-plugin-annotations/3.11.0/maven-plugin-annotations-3.11.0.jar:/home/hom/.m2/repository/org/apache/maven/maven-core/3.9.6/maven-core-3.9.6.jar:/home/hom/.m2/repository/org/apache/maven/maven-settings/3.9.6/maven-settings-3.9.6.jar:/home/hom/.m2/repository/org/apache/maven/maven-settings-builder/3.9.6/maven-settings-builder-3.9.6.jar:/home/hom/.m2/repository/org/codehaus/plexus/plexus-sec-dispatcher/2.0/plexus-sec-dispatcher-2.0.jar:/home/hom/.m2/repository/org/codehaus/plexus/plexus-cipher/2.0/plexus-cipher-2.0.jar:/home/hom/.m2/repository/org/apache/maven/maven-builder-support/3.9.6/maven-builder-support-3.9.6.jar:/home/hom/.m2/repository/org/apache/maven/maven-repository-metadata/3.9.6/maven-repository-metadata-3.9.6.jar:/home/hom/.m2/repository/org/apache/maven/maven-model-builder/3.9.6/maven-model-builder-3.9.6.jar:/home/hom/.m2/repository/org/apache/maven/maven-resolver-provider/3.9.6/maven-resolver-provider-3.9.6.jar:/home/hom/.m2/repository/org/apache/maven/resolver/maven-resolver-impl/1.9.18/maven-resolver-impl-1.9.18.jar:/home/hom/.m2/repository/org/apache/maven/resolver/maven-resolver-named-locks/1.9.18/maven-resolver-named-locks-1.9.18.jar:/home/hom/.m2/repository/org/apache/maven/resolver/maven-resolver-api/1.9.18/maven-resolver-api-1.9.18.jar:/home/hom/.m2/repository/org/apache/maven/resolver/maven-resolver-spi/1.9.18/maven-resolver-spi-1.9.18.jar:/home/hom/.m2/repository/org/apache/maven/resolver/maven-resolver-util/1.9.18/maven-resolver-util-1.9.18.jar:/home/hom/.m2/repository/org/apache/maven/shared/maven-shared-utils/3.3.4/maven-shared-utils-3.3.4.jar:/home/hom/.m2/repository/org/eclipse/sisu/org.eclipse.sisu.inject/0.9.0.M2/org.eclipse.sisu.inject-0.9.0.M2.jar:/home/hom/.m2/repository/com/google/inject/guice/5.1.0/guice-5.1.0.jar:/home/hom/.m2/repository/aopalliance/aopalliance/1.0/aopalliance-1.0.jar:/home/hom/.m2/repository/com/google/guava/guava/32.0.1-jre/guava-32.0.1-jre.jar:/home/hom/.m2/repository/com/google/guava/failureaccess/1.0.1/failureaccess-1.0.1.jar:/home/hom/.m2/repository/javax/inject/javax.inject/1/javax.inject-1.jar:/home/hom/.m2/repository/org/codehaus/plexus/plexus-interpolation/1.26/plexus-interpolation-1.26.jar:/home/hom/.m2/repository/org/codehaus/plexus/plexus-component-annotations/2.1.0/plexus-component-annotations-2.1.0.jar:/home/hom/.m2/repository/org/apache/commons/commons-lang3/3.12.0/commons-lang3-3.12.0.jar:/home/hom/.m2/repository/org/slf4j/slf4j-api/1.7.36/slf4j-api-1.7.36.jar:/home/hom/.m2/repository/org/assertj/assertj-core/3.25.1/assertj-core-3.25.1.jar:/home/hom/.m2/repository/net/bytebuddy/byte-buddy/1.14.11/byte-buddy-1.14.11.jar:/home/hom/.m2/repository/org/mockito/mockito-core/5.9.0/mockito-core-5.9.0.jar:/home/hom/.m2/repository/net/bytebuddy/byte-buddy-agent/1.14.11/byte-buddy-agent-1.14.11.jar:/home/hom/.m2/repository/org/objenesis/objenesis/3.3/objenesis-3.3.jar:/home/hom/.m2/repository/org/mockito/mockito-junit-jupiter/5.9.0/mockito-junit-jupiter-5.9.0.jar:/home/hom/.m2/repository/org/junit/jupiter/junit-jupiter-api/5.10.1/junit-jupiter-api-5.10.1.jar:/home/hom/.m2/repository/org/opentest4j/opentest4j/1.3.0/opentest4j-1.3.0.jar:/home/hom/.m2/repository/org/junit/platform/junit-platform-commons/1.10.1/junit-platform-commons-1.10.1.jar:/home/hom/.m2/repository/org/apiguardian/apiguardian-api/1.1.2/apiguardian-api-1.1.2.jar:/home/hom/.m2/repository/org/junit/jupiter/junit-jupiter-params/5.10.1/junit-jupiter-params-5.10.1.jar:/home/hom/.m2/repository/org/junit/jupiter/junit-jupiter-engine/5.10.1/junit-jupiter-engine-5.10.1.jar:/home/hom/.m2/repository/org/junit/platform/junit-platform-engine/1.10.1/junit-platform-engine-1.10.1.jar -d /tmp/cs-target4099510567855742000 src/main/java/io/github/sebivenlo/codestripperplugin/CodeStripperMojo.java src/main/java/io/github/sebivenlo/codestripperplugin/StrippedCodeValidator.java src/main/java/streamprocessor/Processor.java src/main/java/streamprocessor/ProcessorFactory.java src/main/java/streamprocessor/TagProvider.java src/main/java/codestripper/CodeStripper.java src/main/java/codestripper/Zipper.java src/test/java/io/github/sebivenlo/codestripperplugin/StrippedCodeValidatorTest.java src/test/java/io/github/sebivenlo/codestripperplugin/StripperRoadKill.java src/test/java/streamprocessor/OpTest.java src/test/java/streamprocessor/RegexTest.java src/test/java/streamprocessor/TransformerTest.java
]]></system-out>
  </testcase>
  <testcase name="run the compiler" classname="io.github.sebivenlo.codestripperplugin.StrippedCodeValidatorTest" time="0.686">
    <system-out><![CDATA[walker found LICENSE
binary file LICENSE
walker found pom.xml~
walker found pom.xml
binary file pom.xml
walker found src/main/java/io/github/sebivenlo/codestripperplugin/CodeStripperMojo.java
walker found src/main/java/io/github/sebivenlo/codestripperplugin/StrippedCodeValidator.java
walker found src/main/java/streamprocessor/Processor.java
walker found src/main/java/streamprocessor/ProcessorFactory.java
walker found src/main/java/streamprocessor/TagProvider.java
walker found src/main/java/codestripper/CodeStripper.java
walker found src/main/java/codestripper/Zipper.java
walker found src/test/java/io/github/sebivenlo/codestripperplugin/StrippedCodeValidatorTest.java
walker found src/test/java/io/github/sebivenlo/codestripperplugin/StripperRoadKill.java
walker found src/test/java/streamprocessor/OpTest.java
walker found src/test/java/streamprocessor/RegexTest.java
walker found src/test/java/streamprocessor/TransformerTest.java
walker found nbproject/project.properties
binary file nbproject/project.properties
walker found nb-configuration.xml
binary file nb-configuration.xml
walker found testclasspath.txt
walker found humpty.txt
[info] start stripped code validation
[info] validating 12 stripped classes
[info] &amp#27;[31;1mCompiling the stipped files causes some compiler errors&amp#27;[m
[info] &amp#27;[1mtarget/stripper-out/src/main/java/codestripper/CodeStripper.java&amp#27;[m
[info] &amp#27;[1mtarget/stripper-out/src/main/java/codestripper/Zipper.java&amp#27;[m
[info] &amp#27;[1mtarget/stripper-out/src/main/java/io/github/sebivenlo/codestripperplugin/CodeStripperMojo.java&amp#27;[m
[info] &amp#27;[1mtarget/stripper-out/src/main/java/io/github/sebivenlo/codestripperplugin/StrippedCodeValidator.java&amp#27;[m
[info] &amp#27;[1mtarget/stripper-out/src/main/java/streamprocessor/Processor.java&amp#27;[m
[info] &amp#27;[1mtarget/stripper-out/src/main/java/streamprocessor/ProcessorFactory.java&amp#27;[m
[info] &amp#27;[1mtarget/stripper-out/src/main/java/streamprocessor/TagProvider.java&amp#27;[m
[info] &amp#27;[1mtarget/stripper-out/src/test/java/io/github/sebivenlo/codestripperplugin/StrippedCodeValidatorTest.java&amp#27;[m
[info] &amp#27;[1mtarget/stripper-out/src/test/java/streamprocessor/OpTest.java&amp#27;[m
[info] &amp#27;[1mtarget/stripper-out/src/test/java/streamprocessor/RegexTest.java&amp#27;[m
[info] &amp#27;[1mtarget/stripper-out/src/test/java/streamprocessor/TransformerTest.java&amp#27;[m
[info] exited validate-stripped-code with exit code 1
]]></system-out>
    <system-err><![CDATA[[error] &amp#27;[1;31mtarget/stripper-out/src/test/java/io/github/sebivenlo/codestripperplugin/StripperRoadKill.java&amp#27;[m
[error] Note: Annotation processing is enabled because one or more processors were found
[error]   on the class path. A future release of javac may disable annotation processing
[error]   unless at least one processor is specified by name (-processor), or a search
[error]   path is specified (--processor-path, --processor-module-path), or annotation
[error]   processing is enabled explicitly (-proc:only, -proc:full).
[error]   Use -Xlint:-options to suppress this message.
[error]   Use -proc:none to disable annotation processing.
[error] target/stripper-out/src/test/java/io/github/sebivenlo/codestripperplugin/StripperRoadKill.java:9: error: reached end of file while parsing
[error]     public static void main(String[] args) {
[error]                                             ^
[error] 1 error
]]></system-err>
  </testcase>
</testsuite>